Determining if the pthread_create exist failed with the following output:
Change Dir: /home/shaoan/projects/front_3DMAP/build/CMakeFiles/CMakeTmp

Run Build Command:"/usr/bin/make" "cmTryCompileExec3859452705/fast"
/usr/bin/make -f CMakeFiles/cmTryCompileExec3859452705.dir/build.make CMakeFiles/cmTryCompileExec3859452705.dir/build
make[1]: Entering directory `/home/shaoan/projects/front_3DMAP/build/CMakeFiles/CMakeTmp'
/usr/bin/cmake -E cmake_progress_report /home/shaoan/projects/front_3DMAP/build/CMakeFiles/CMakeTmp/CMakeFiles 1
Building C object CMakeFiles/cmTryCompileExec3859452705.dir/CheckSymbolExists.c.o
/usr/bin/cc    -o CMakeFiles/cmTryCompileExec3859452705.dir/CheckSymbolExists.c.o   -c /home/shaoan/projects/front_3DMAP/build/CMakeFiles/CMakeTmp/CheckSymbolExists.c
Linking C executable cmTryCompileExec3859452705
/usr/bin/cmake -E cmake_link_script CMakeFiles/cmTryCompileExec3859452705.dir/link.txt --verbose=1
/usr/bin/cc        CMakeFiles/cmTryCompileExec3859452705.dir/CheckSymbolExists.c.o  -o cmTryCompileExec3859452705 -rdynamic 
CMakeFiles/cmTryCompileExec3859452705.dir/CheckSymbolExists.c.o: In function `main':
CheckSymbolExists.c:(.text+0x16): undefined reference to `pthread_create'
collect2: error: ld returned 1 exit status
make[1]: *** [cmTryCompileExec3859452705] Error 1
make[1]: Leaving directory `/home/shaoan/projects/front_3DMAP/build/CMakeFiles/CMakeTmp'
make: *** [cmTryCompileExec3859452705/fast] Error 2

File /home/shaoan/projects/front_3DMAP/build/CMakeFiles/CMakeTmp/CheckSymbolExists.c:
/* */
#include <pthread.h>

int main(int argc, char** argv)
{
  (void)argv;
#ifndef pthread_create
  return ((int*)(&pthread_create))[argc];
#else
  (void)argc;
  return 0;
#endif
}

Determining if the function pthread_create exists in the pthreads failed with the following output:
Change Dir: /home/shaoan/projects/front_3DMAP/build/CMakeFiles/CMakeTmp

Run Build Command:"/usr/bin/make" "cmTryCompileExec2468213194/fast"
/usr/bin/make -f CMakeFiles/cmTryCompileExec2468213194.dir/build.make CMakeFiles/cmTryCompileExec2468213194.dir/build
make[1]: Entering directory `/home/shaoan/projects/front_3DMAP/build/CMakeFiles/CMakeTmp'
/usr/bin/cmake -E cmake_progress_report /home/shaoan/projects/front_3DMAP/build/CMakeFiles/CMakeTmp/CMakeFiles 1
Building C object CMakeFiles/cmTryCompileExec2468213194.dir/CheckFunctionExists.c.o
/usr/bin/cc   -DCHECK_FUNCTION_EXISTS=pthread_create   -o CMakeFiles/cmTryCompileExec2468213194.dir/CheckFunctionExists.c.o   -c /usr/share/cmake-3.2/Modules/CheckFunctionExists.c
Linking C executable cmTryCompileExec2468213194
/usr/bin/cmake -E cmake_link_script CMakeFiles/cmTryCompileExec2468213194.dir/link.txt --verbose=1
/usr/bin/cc    -DCHECK_FUNCTION_EXISTS=pthread_create    CMakeFiles/cmTryCompileExec2468213194.dir/CheckFunctionExists.c.o  -o cmTryCompileExec2468213194 -rdynamic -lpthreads 
/usr/bin/ld: cannot find -lpthreads
collect2: error: ld returned 1 exit status
make[1]: *** [cmTryCompileExec2468213194] Error 1
make[1]: Leaving directory `/home/shaoan/projects/front_3DMAP/build/CMakeFiles/CMakeTmp'
make: *** [cmTryCompileExec2468213194/fast] Error 2


